proguard/seeds.txt
com.aoeng.degu.R$anim: int fade
com.aoeng.degu.R$anim: int head_in
com.aoeng.degu.R$anim: int head_out
com.aoeng.degu.R$attr: int border_color
com.aoeng.degu.R$attr: int border_width
com.aoeng.degu.R$attr: int shape
com.aoeng.degu.R$attr: int svg_raw_resource
com.aoeng.degu.R$color: int CustomedTabWidget
com.aoeng.degu.R$color: int Grey
com.aoeng.degu.R$color: int LightGray
com.aoeng.degu.R$color: int add_troop_member_bg
com.aoeng.degu.R$color: int aliceblue
com.aoeng.degu.R$color: int alpha
com.aoeng.degu.R$color: int alpha_00
com.aoeng.degu.R$color: int antiquewhite
com.aoeng.degu.R$color: int aqua
com.aoeng.degu.R$color: int aquamarine
com.aoeng.degu.R$color: int azure
com.aoeng.degu.R$color: int background
com.aoeng.degu.R$color: int beige
com.aoeng.degu.R$color: int bg_default
com.aoeng.degu.R$color: int bisque
com.aoeng.degu.R$color: int black
com.aoeng.degu.R$color: int blanchedalmond
com.aoeng.degu.R$color: int blank_color
com.aoeng.degu.R$color: int blue
com.aoeng.degu.R$color: int blueviolet
com.aoeng.degu.R$color: int bocop_dialog_bg
com.aoeng.degu.R$color: int brown
com.aoeng.degu.R$color: int burlywood
com.aoeng.degu.R$color: int button_selected
com.aoeng.degu.R$color: int button_unselected
com.aoeng.degu.R$color: int cadetblue
com.aoeng.degu.R$color: int chartreuse
com.aoeng.degu.R$color: int chat_background
com.aoeng.degu.R$color: int chat_close_bg
com.aoeng.degu.R$color: int chat_close_press
com.aoeng.degu.R$color: int chat_contact
com.aoeng.degu.R$color: int chat_edit_bg
com.aoeng.degu.R$color: int chat_edit_bg_press
com.aoeng.degu.R$color: int chat_edit_bg_solid
com.aoeng.degu.R$color: int chat_emotion_unit_bg_solid
com.aoeng.degu.R$color: int chat_emotion_unit_bg_stroke
com.aoeng.degu.R$dimen: int activity_horizontal_margin
com.aoeng.degu.R$dimen: int activity_vertical_margin
com.aoeng.degu.R$dimen: int base_padding
com.aoeng.degu.R$drawable: int a
com.aoeng.degu.R$drawable: int a_z
com.aoeng.degu.R$drawable: int a_z_click
com.aoeng.degu.R$drawable: int app_bg
com.aoeng.degu.R$drawable: int bg_tab_call_log_normal
com.aoeng.degu.R$drawable: int bg_tab_call_log_pressed
com.aoeng.degu.R$drawable: int bg_tab_contact_normal
com.aoeng.degu.R$drawable: int bg_tab_contact_pressed
com.aoeng.degu.R$drawable: int bg_tab_dial_normal
com.aoeng.degu.R$drawable: int bg_tab_dial_pressed
com.aoeng.degu.R$drawable: int bg_tab_sms_normal
com.aoeng.degu.R$drawable: int bg_tab_sms_pressed
com.aoeng.degu.R$drawable: int bottom
com.aoeng.degu.R$drawable: int checkbox_bg1
com.aoeng.degu.R$drawable: int child_bg
com.aoeng.degu.R$drawable: int collapse
com.aoeng.degu.R$drawable: int common_listview_headview_red_arrow
com.aoeng.degu.R$drawable: int custom_progressbar
com.aoeng.degu.R$drawable: int default_bg
com.aoeng.degu.R$drawable: int delete_default_qq_avatar
com.aoeng.degu.R$drawable: int delete_holder_bg
com.aoeng.degu.R$drawable: int delete_icon_normal
com.aoeng.degu.R$drawable: int delete_item_point_bg
com.aoeng.degu.R$drawable: int delete_left_trash_can
com.aoeng.degu.R$drawable: int delete_list_item_bg
com.aoeng.degu.R$drawable: int delete_wechat_icon
com.aoeng.degu.R$drawable: int empty_photo
com.aoeng.degu.R$drawable: int expanded
com.aoeng.degu.R$drawable: int frame_button_background
com.aoeng.degu.R$drawable: int frame_button_nopressbg
com.aoeng.degu.R$drawable: int hugh
...
android.support.v4.app.BackStackState
android.support.v4.app.BackStackState: android.os.Parcelable$Creator CREATOR
android.support.v4.app.Fragment$SavedState
android.support.v4.app.Fragment$SavedState: android.os.Parcelable$Creator CREATOR
android.support.v4.app.FragmentActivity
android.support.v4.app.FragmentManagerState
android.support.v4.app.FragmentManagerState: android.os.Parcelable$Creator CREATOR
android.support.v4.app.FragmentState
android.support.v4.app.FragmentState: android.os.Parcelable$Creator CREATOR
android.support.v4.app.FragmentTabHost
android.support.v4.app.FragmentTabHost: FragmentTabHost(android.content.Context,android.util.AttributeSet)
android.support.v4.app.FragmentTabHost: void setOnTabChangedListener(android.widget.TabHost$OnTabChangeListener)
android.support.v4.app.FragmentTabHost$SavedState
android.support.v4.app.FragmentTabHost$SavedState: android.os.Parcelable$Creator CREATOR
android.support.v4.content.FileProvider
android.support.v4.content.ModernAsyncTask$Status: android.support.v4.content.ModernAsyncTask$Status[] values()
android.support.v4.content.ModernAsyncTask$Status: android.support.v4.content.ModernAsyncTask$Status valueOf(java.lang.String)
android.support.v4.view.PagerTabStrip
android.support.v4.view.PagerTabStrip: PagerTabStrip(android.content.Context,android.util.AttributeSet)
android.support.v4.view.PagerTabStrip: void setTabIndicatorColor(int)
android.support.v4.view.PagerTabStrip: void setTabIndicatorColorResource(int)
android.support.v4.view.PagerTabStrip: int getTabIndicatorColor()
android.support.v4.view.PagerTabStrip: void setTextSpacing(int)
android.support.v4.view.PagerTabStrip: void setBackgroundDrawable(android.graphics.drawable.Drawable)
android.support.v4.view.PagerTabStrip: void setBackgroundColor(int)
android.support.v4.view.PagerTabStrip: void setBackgroundResource(int)
android.support.v4.view.PagerTabStrip: void setDrawFullUnderline(boolean)
android.support.v4.view.PagerTabStrip: boolean getDrawFullUnderline()
android.support.v4.view.PagerTabStrip: int getMinHeight()
android.support.v4.view.PagerTitleStrip
android.support.v4.view.PagerTitleStrip: void setSingleLineAllCaps(android.widget.TextView)
android.support.v4.view.PagerTitleStrip: PagerTitleStrip(android.content.Context,android.util.AttributeSet)
android.support.v4.view.PagerTitleStrip: void setTextSpacing(int)
android.support.v4.view.PagerTitleStrip: int getTextSpacing()
android.support.v4.view.PagerTitleStrip: void setNonPrimaryAlpha(float)
android.support.v4.view.PagerTitleStrip: void setTextColor(int)
android.support.v4.view.PagerTitleStrip: void setGravity(int)
android.support.v4.view.PagerTitleStrip: int getMinHeight()