proguard/mapping.txt
com.aoeng.degu.R -> com.aoeng.degu.a:
com.aoeng.degu.R$styleable -> com.aoeng.degu.b:
    int[] CircleImageView -> CircleImageView
    int CircleImageView_border_color -> CircleImageView_border_color
    int CircleImageView_border_width -> CircleImageView_border_width
    int[] CustomShapeImageView -> CustomShapeImageView
    int CustomShapeImageView_shape -> CustomShapeImageView_shape
    int CustomShapeImageView_svg_raw_resource -> CustomShapeImageView_svg_raw_resource
com.aoeng.degu.adapter.ContactAdapter -> com.aoeng.degu.a.a:
    int resource -> a
    android.widget.SectionIndexer mIndexer -> b
    android.view.View getView(int,android.view.View,android.view.ViewGroup) -> getView
    void setIndex(android.widget.SectionIndexer) -> a
com.aoeng.degu.adapter.ListViewAdapter -> com.aoeng.degu.a.b:
    int count -> a
    android.content.Context context -> b
    int getCount() -> getCount
    java.lang.Object getItem(int) -> getItem
    long getItemId(int) -> getItemId
    android.view.View getView(int,android.view.View,android.view.ViewGroup) -> getView
com.aoeng.degu.adapter.PhotoWallAdapter -> com.aoeng.degu.a.c:
    java.lang.String TAG -> a
    java.util.Set taskCollection -> b
    android.support.v4.util.LruCache mMemoryCache -> c
    android.widget.GridView mPhotoWall -> d
    int mFirstVisiableItem -> e
    int mVisiableItemCount -> f
    boolean isFirstEnter -> g
    android.view.View getView(int,android.view.View,android.view.ViewGroup) -> getView
    void setImageView(java.lang.String,android.widget.ImageView) -> a
    void addBitmapToMemoryCache(java.lang.String,android.graphics.Bitmap) -> a
    android.graphics.Bitmap getBitmapFromMemoryCache(java.lang.String) -> a
    void onScrollStateChanged(android.widget.AbsListView,int) -> onScrollStateChanged
    void cancelAllTasks() -> a
    void loadBitmaps(int,int) -> a
    void onScroll(android.widget.AbsListView,int,int,int) -> onScroll
    android.widget.GridView access$0(com.aoeng.degu.adapter.PhotoWallAdapter) -> a
    java.util.Set access$1(com.aoeng.degu.adapter.PhotoWallAdapter) -> b
com.aoeng.degu.adapter.PhotoWallAdapter$1 -> com.aoeng.degu.a.d:
    com.aoeng.degu.adapter.PhotoWallAdapter this$0 -> a
    int sizeOf(java.lang.String,android.graphics.Bitmap) -> a
    int sizeOf(java.lang.Object,java.lang.Object) -> b
com.aoeng.degu.adapter.PhotoWallAdapter$BitmapWorkerTask -> com.aoeng.degu.a.e:
    java.lang.String imageUrl -> b
    com.aoeng.degu.adapter.PhotoWallAdapter this$0 -> a
    android.graphics.Bitmap doInBackground(java.lang.String[]) -> a
    void onPostExecute(android.graphics.Bitmap) -> a
    android.graphics.Bitmap downloadBitmap(java.lang.String) -> a
    void onPostExecute(java.lang.Object) -> onPostExecute
    java.lang.Object doInBackground(java.lang.Object[]) -> doInBackground
com.aoeng.degu.adapter.PhotoWallTwoCacheAdapter -> com.aoeng.degu.a.f:
    android.content.Context context -> a
    java.lang.String[] urls -> b
    com.aoeng.degu.utils.cv.TwoCacheImageLoader imageLoader -> c
    boolean mbusy -> d
    int getCount() -> getCount
    java.lang.Object getItem(int) -> getItem
    long getItemId(int) -> getItemId
    android.view.View getView(int,android.view.View,android.view.ViewGroup) -> getView
    void setFlagBusy(boolean) -> a
com.aoeng.degu.adapter.SmsAdapter -> com.aoeng.degu.a.g:
    android.view.LayoutInflater layoutInflater -> a
    android.widget.TextView tvPhoneNO -> b
    android.widget.TextView tvSmsInfo -> c
    android.view.View newView(android.content.Context,android.database.Cursor,android.view.ViewGroup) -> newView
    void bindView(android.view.View,android.content.Context,android.database.Cursor) -> bindView
com.aoeng.degu.aidl.AidlService -> com.aoeng.degu.aidl.AidlService:
    android.os.IBinder onBind(android.content.Intent) -> onBind
com.aoeng.degu.aidl.AidlService$AidlServiceImpl -> com.aoeng.degu.aidl.a:
    com.aoeng.degu.aidl.AidlService this$0 -> a
    java.lang.String getValue() -> a
...
com.baidu.location.LocationClient$b -> com.baidu.location.j:
    com.baidu.location.LocationClient a -> a
    void run() -> run
com.baidu.location.LocationClientOption -> com.baidu.location.k:
    java.lang.String try -> a
    java.lang.String char -> b
    boolean case -> c
    int int -> d
    int long -> e
    java.lang.String new -> f
    int goto -> g
    boolean void -> h
    boolean for -> i
    boolean else -> j
    boolean if -> k
    float do -> l
    int a -> m
    java.lang.String byte -> n
    boolean equals(com.baidu.location.LocationClientOption) -> a
    void setCoorType(java.lang.String) -> a
    void setOpenGps(boolean) -> a
    void setScanSpan(int) -> a
    void setProdName(java.lang.String) -> b
    void setPriority(int) -> b
    boolean isDisableCache() -> a
com.baidu.location.a -> com.baidu.location.l:
    java.lang.String if -> a
    java.util.ArrayList do -> b
    android.os.Handler int -> c
    boolean for -> d
    boolean a -> e
    boolean for() -> a
    void for(android.os.Message) -> a
    void if(android.os.Message) -> b
    void int(android.os.Message) -> c
    java.lang.String a(android.os.Message) -> d
    void a(java.lang.String,int) -> a
    void a(java.lang.String) -> a
    void if(java.lang.String) -> b
    void a(java.lang.String,android.os.Message) -> a
    java.lang.String try() -> b
    int do(android.os.Message) -> e
    com.baidu.location.a$a a(android.os.Messenger) -> a
    void a(com.baidu.location.a$a) -> a
    void do() -> d
    void int() -> e
    void a() -> f
    void new() -> c
com.baidu.location.a$a -> com.baidu.location.m:
    java.lang.String for -> a
    android.os.Messenger do -> b
    com.baidu.location.LocationClientOption if -> c
    com.baidu.location.a a -> d
    void if(java.lang.String) -> a
    void a(java.lang.String,int) -> a
    void a(java.lang.String) -> b
    void if() -> a
    void a(int) -> a
    void a(int,java.lang.String,java.lang.String) -> a
    void a(com.baidu.location.a$a,int) -> a
com.baidu.location.b -> com.baidu.location.n:
    long m -> a
    android.content.Context g -> b
    android.location.LocationManager o -> c
    android.location.Location l -> d
    com.baidu.location.b$b k -> e
    android.location.GpsStatus void -> f
    com.baidu.location.b$a b -> g
    int i -> h
    long c -> i
    long new -> j
    boolean a -> k
    android.os.Handler for -> l
    boolean case -> m
    java.lang.String try -> n
    boolean h -> o
    long j -> p
    int int -> q
    boolean byte -> r
    boolean e -> s
    java.util.List n -> t
    java.lang.String p -> u
    java.lang.String do -> v
    java.lang.String if -> w
    java.lang.String d -> x
    void int() -> a
    void a() -> b
    java.lang.String if(android.location.Location) -> a
    java.lang.String if() -> c
    android.location.Location do() -> d
    boolean try() -> e
    boolean case() -> f
    boolean a(android.location.Location,android.location.Location) -> a
    void a(android.location.Location) -> b
    void a(boolean) -> a
    java.lang.String byte() -> g
    void a(com.baidu.location.b,android.location.Location) -> a
    boolean do(com.baidu.location.b,boolean) -> a
    boolean a(com.baidu.location.b) -> a
    void a(com.baidu.location.b,boolean) -> b
    long a(com.baidu.location.b,long) -> a
    android.location.LocationManager byte(com.baidu.location.b) -> b
    android.location.GpsStatus new(com.baidu.location.b) -> c
com.baidu.location.b$1 -> com.baidu.location.o:
com.baidu.location.b$a -> com.baidu.location.p:
    com.baidu.location.b a -> a
    void onGpsStatusChanged(int) -> onGpsStatusChanged
    void onNmeaReceived(long,java.lang.String) -> onNmeaReceived