proguard/usage.txt
com.aoeng.degu.BuildConfig
com.aoeng.degu.Manifest
com.aoeng.degu.Manifest$permission
com.aoeng.degu.R:
    10:10:public R()
com.aoeng.degu.R$anim
com.aoeng.degu.R$attr
com.aoeng.degu.R$color
com.aoeng.degu.R$dimen
com.aoeng.degu.R$drawable
com.aoeng.degu.R$id
com.aoeng.degu.R$layout
com.aoeng.degu.R$menu
com.aoeng.degu.R$raw
com.aoeng.degu.R$string
com.aoeng.degu.R$style
com.aoeng.degu.R$styleable:
    1203:1203:public R$styleable()
com.aoeng.degu.R$xml
com.aoeng.degu.adapter.PhotoWaterFallAdapter
com.aoeng.degu.aidl.IMyService$Stub:
    private static final java.lang.String DESCRIPTOR
    static final int TRANSACTION_getValue
    23:30:public static com.aoeng.degu.aidl.IMyService asInterface(android.os.IBinder)
com.aoeng.degu.aidl.IMyService$Stub$Proxy
com.aoeng.degu.aidl.IProductService$Stub:
    private static final java.lang.String DESCRIPTOR
    static final int TRANSACTION_getMap
    static final int TRANSACTION_getProduct
    23:30:public static com.aoeng.degu.aidl.IProductService asInterface(android.os.IBinder)
com.aoeng.degu.aidl.IProductService$Stub$Proxy
com.aoeng.degu.application.DGApplication:
    private static final java.lang.String TAG
    39:39:public static java.lang.String getCacheDirPath()
    79:82:public void exit()
com.aoeng.degu.application.DGApplication$ECServiceConnection
com.aoeng.degu.contentprovider.RegionContentProvider:
    private static final java.lang.String AUTHORITY
    private static final int CITIES
    private static final int CITY_CODE
    private static final int CITY_NAME
    private static final int CITIES_IN_PROVINCE
com.aoeng.degu.cusor.adapter.DBServices:
    private static final int DATABASE_VERSION
    private static final java.lang.String DATABASE_NAME
com.aoeng.degu.domain.AppInfo:
    34:39:public AppInfo(java.lang.String,java.lang.String,java.lang.String,android.graphics.drawable.Drawable)
com.aoeng.degu.domain.Person:
    26:26:public java.lang.String getName()
    34:34:public int getAge()
    38:39:public void setAge(int)
    42:42:public boolean isSex()
    50:50:public char getCh()
    58:58:public java.util.Date getBirthDay()
com.aoeng.degu.parser.BaseParser
com.aoeng.degu.services.BaseTask
com.aoeng.degu.services.DataCallback
com.aoeng.degu.ui.BaseUI:
    private static final int BITS_PER_UNIT
    public static final int NOT_LOGIN
    public static final int LOGIN_SUCCESS
    92:92:protected android.view.View getViewById(int)
    142:146:protected void getDataFromServer(com.aoeng.degu.utils.RequestVO,com.aoeng.degu.services.DataCallback)
com.aoeng.degu.ui.Test
com.aoeng.degu.ui.apps.AppSizeUI$AppInfo:
    private long cachesize
    private long datasize
    private long codesieze
    266:266:public long getCachesize()
    270:271:public void setCachesize(long)
    274:274:public long getDatasize()
    278:279:public void setDatasize(long)
    282:282:public long getCodesieze()
    286:287:public void setCodesieze(long)
    309:309:public android.content.Intent getIntent()
com.aoeng.degu.ui.cv.views.BidirSlidingView:
    public static final int SNAP_VELOCITY
    public static final int DO_NOTHING
    public static final int SHOW_LEFT_MENU
    public static final int SHOW_RIGHT_MENU
    public static final int HIDE_LEFT_MENU
    public static final int HIDE_RIGHT_MENU
    207:207:public boolean isLeftLayoutVisible()
    216:216:public boolean isRightLayoutVisible()
com.aoeng.degu.ui.cv.views.PhotoWaterFallScrollView:
    public static final int PAGE_SIZE
com.aoeng.degu.ui.logins.LoginQQUI:
    72:78:private void showRequestDialog()
com.aoeng.degu.ui.lvs.NLPullRefreshView:
    private static final java.lang.String TAG
    private static final java.lang.String REFRESH_RELEASE_TEXT
    private static final java.lang.String REFRESH_DOWN_TEXT
    private static final float MIN_MOVE_DISTANCE
...
org.apache.commons.lang3.concurrent.MultiBackgroundInitializer
org.apache.commons.lang3.concurrent.MultiBackgroundInitializer$1
org.apache.commons.lang3.concurrent.MultiBackgroundInitializer$MultiBackgroundInitializerResults
org.apache.commons.lang3.concurrent.TimedSemaphore
org.apache.commons.lang3.concurrent.TimedSemaphore$1
org.apache.commons.lang3.event.EventListenerSupport
org.apache.commons.lang3.event.EventListenerSupport$ProxyInvocationHandler
org.apache.commons.lang3.event.EventUtils
org.apache.commons.lang3.event.EventUtils$EventBindingInvocationHandler
org.apache.commons.lang3.exception.CloneFailedException
org.apache.commons.lang3.exception.ContextedException
org.apache.commons.lang3.exception.ContextedRuntimeException
org.apache.commons.lang3.exception.DefaultExceptionContext
org.apache.commons.lang3.exception.ExceptionContext
org.apache.commons.lang3.exception.ExceptionUtils
org.apache.commons.lang3.math.Fraction
org.apache.commons.lang3.math.IEEE754rUtils
org.apache.commons.lang3.math.NumberUtils
org.apache.commons.lang3.mutable.Mutable
org.apache.commons.lang3.mutable.MutableBoolean
org.apache.commons.lang3.mutable.MutableByte
org.apache.commons.lang3.mutable.MutableDouble
org.apache.commons.lang3.mutable.MutableFloat
org.apache.commons.lang3.mutable.MutableInt
org.apache.commons.lang3.mutable.MutableLong
org.apache.commons.lang3.mutable.MutableObject
org.apache.commons.lang3.mutable.MutableShort
org.apache.commons.lang3.reflect.ConstructorUtils
org.apache.commons.lang3.reflect.FieldUtils
org.apache.commons.lang3.reflect.MemberUtils
org.apache.commons.lang3.reflect.MethodUtils
org.apache.commons.lang3.reflect.TypeUtils
org.apache.commons.lang3.text.CompositeFormat
org.apache.commons.lang3.text.ExtendedMessageFormat
org.apache.commons.lang3.text.FormatFactory
org.apache.commons.lang3.text.FormattableUtils
org.apache.commons.lang3.text.StrBuilder
org.apache.commons.lang3.text.StrBuilder$StrBuilderReader
org.apache.commons.lang3.text.StrBuilder$StrBuilderTokenizer
org.apache.commons.lang3.text.StrBuilder$StrBuilderWriter
org.apache.commons.lang3.text.StrLookup
org.apache.commons.lang3.text.StrLookup$MapStrLookup
org.apache.commons.lang3.text.StrMatcher
org.apache.commons.lang3.text.StrMatcher$CharMatcher
org.apache.commons.lang3.text.StrMatcher$CharSetMatcher
org.apache.commons.lang3.text.StrMatcher$NoMatcher
org.apache.commons.lang3.text.StrMatcher$StringMatcher
org.apache.commons.lang3.text.StrMatcher$TrimMatcher
org.apache.commons.lang3.text.StrSubstitutor
org.apache.commons.lang3.text.StrTokenizer
org.apache.commons.lang3.text.WordUtils
org.apache.commons.lang3.text.translate.AggregateTranslator
org.apache.commons.lang3.text.translate.CharSequenceTranslator
org.apache.commons.lang3.text.translate.CodePointTranslator
org.apache.commons.lang3.text.translate.EntityArrays
org.apache.commons.lang3.text.translate.LookupTranslator
org.apache.commons.lang3.text.translate.NumericEntityEscaper
org.apache.commons.lang3.text.translate.NumericEntityUnescaper
org.apache.commons.lang3.text.translate.NumericEntityUnescaper$OPTION
org.apache.commons.lang3.text.translate.OctalUnescaper
org.apache.commons.lang3.text.translate.UnicodeEscaper
org.apache.commons.lang3.text.translate.UnicodeUnescaper
org.apache.commons.lang3.time.DateFormatUtils
org.apache.commons.lang3.time.DateUtils
org.apache.commons.lang3.time.DateUtils$DateIterator
org.apache.commons.lang3.time.DurationFormatUtils
org.apache.commons.lang3.time.DurationFormatUtils$Token
org.apache.commons.lang3.time.FastDateFormat
org.apache.commons.lang3.time.FastDateFormat$1
org.apache.commons.lang3.time.FastDateFormat$CharacterLiteral
org.apache.commons.lang3.time.FastDateFormat$NumberRule
org.apache.commons.lang3.time.FastDateFormat$PaddedNumberField
org.apache.commons.lang3.time.FastDateFormat$Rule
org.apache.commons.lang3.time.FastDateFormat$StringLiteral
org.apache.commons.lang3.time.FastDateFormat$TextField
org.apache.commons.lang3.time.FastDateFormat$TimeZoneDisplayKey